
  .   ____          _            __ _ _
 /\\ / ___'_ __ _ _(_)_ __  __ _ \ \ \ \
( ( )\___ | '_ | '_| | '_ \/ _` | \ \ \ \
 \\/  ___)| |_)| | | | | || (_| |  ) ) ) )
  '  |____| .__|_| |_|_| |_\__, | / / / /
 =========|_|==============|___/=/_/_/_/
 :: Spring Boot ::                (v3.1.5)

2025-03-13T06:21:29.584Z  INFO 18199 --- [           main] com.company.website.WebsiteApplication   : Starting WebsiteApplication v0.0.1-SNAPSHOT using Java 17 with PID 18199 (/home/devbox/project/target/website-0.0.1-SNAPSHOT.jar started by devbox in /home/devbox/project)
2025-03-13T06:21:29.586Z DEBUG 18199 --- [           main] com.company.website.WebsiteApplication   : Running with Spring Boot v3.1.5, Spring v6.0.13
2025-03-13T06:21:29.587Z  INFO 18199 --- [           main] com.company.website.WebsiteApplication   : No active profile set, falling back to 1 default profile: "default"
2025-03-13T06:21:31.278Z  INFO 18199 --- [           main] o.s.b.w.embedded.tomcat.TomcatWebServer  : Tomcat initialized with port(s): 8080 (http)
2025-03-13T06:21:31.288Z  INFO 18199 --- [           main] o.apache.catalina.core.StandardService   : Starting service [Tomcat]
2025-03-13T06:21:31.289Z  INFO 18199 --- [           main] o.apache.catalina.core.StandardEngine    : Starting Servlet engine: [Apache Tomcat/10.1.15]
2025-03-13T06:21:31.383Z  INFO 18199 --- [           main] o.a.c.c.C.[Tomcat].[localhost].[/]       : Initializing Spring embedded WebApplicationContext
2025-03-13T06:21:31.384Z  INFO 18199 --- [           main] w.s.c.ServletWebServerApplicationContext : Root WebApplicationContext: initialization completed in 1653 ms
Logging initialized using 'class org.apache.ibatis.logging.stdout.StdOutImpl' adapter.
Property 'mapperLocations' was not specified.
 _ _   |_  _ _|_. ___ _ |    _ 
| | |\/|_)(_| | |_\  |_)||_|_\ 
     /               |         
                        3.5.3.1 
Can not find table primary key in Class: "com.company.website.entity.NewsCategoryRelations".
2025-03-13T06:21:32.142Z  WARN 18199 --- [           main] c.b.m.core.injector.DefaultSqlInjector   : class com.company.website.entity.NewsCategoryRelations ,Not found @TableId annotation, Cannot use Mybatis-Plus 'xxById' Method.
2025-03-13T06:21:32.866Z  INFO 18199 --- [           main] o.s.b.w.embedded.tomcat.TomcatWebServer  : Tomcat started on port(s): 8080 (http) with context path ''
2025-03-13T06:21:32.878Z  INFO 18199 --- [           main] com.company.website.WebsiteApplication   : Started WebsiteApplication in 3.899 seconds (process running for 4.405)
2025-03-13T06:21:48.554Z  INFO 18199 --- [nio-8080-exec-1] o.a.c.c.C.[Tomcat].[localhost].[/]       : Initializing Spring DispatcherServlet 'dispatcherServlet'
2025-03-13T06:21:48.554Z  INFO 18199 --- [nio-8080-exec-1] o.s.web.servlet.DispatcherServlet        : Initializing Servlet 'dispatcherServlet'
2025-03-13T06:21:48.555Z  INFO 18199 --- [nio-8080-exec-1] o.s.web.servlet.DispatcherServlet        : Completed initialization in 1 ms
Creating a new SqlSession
SqlSession [org.apache.ibatis.session.defaults.DefaultSqlSession@3e81362b] was not registered for synchronization because synchronization is not active
2025-03-13T06:21:48.708Z  INFO 18199 --- [nio-8080-exec-2] com.zaxxer.hikari.HikariDataSource       : HikariPool-1 - Starting...
2025-03-13T06:21:48.897Z  INFO 18199 --- [nio-8080-exec-2] com.zaxxer.hikari.pool.HikariPool        : HikariPool-1 - Added connection com.mysql.cj.jdbc.ConnectionImpl@45968185
2025-03-13T06:21:48.899Z  INFO 18199 --- [nio-8080-exec-2] com.zaxxer.hikari.HikariDataSource       : HikariPool-1 - Start completed.
JDBC Connection [HikariProxyConnection@1634870506 wrapping com.mysql.cj.jdbc.ConnectionImpl@45968185] will not be managed by Spring
==>  Preparing: SELECT id,name,path FROM navigation
==> Parameters: 
<==    Columns: id, name, path
<==        Row: 1, Home, /
<==        Row: 2, Products, /products
<==        Row: 3, News, /news
<==        Row: 4, Contact, /contact
<==      Total: 4
Closing non transactional SqlSession [org.apache.ibatis.session.defaults.DefaultSqlSession@3e81362b]
Creating a new SqlSession
SqlSession [org.apache.ibatis.session.defaults.DefaultSqlSession@6c7c101d] was not registered for synchronization because synchronization is not active
JDBC Connection [HikariProxyConnection@1656480738 wrapping com.mysql.cj.jdbc.ConnectionImpl@45968185] will not be managed by Spring
==>  Preparing: SELECT id,title,introduce,text,img_id,is_top,created_at,updated_at FROM news
==> Parameters: 
<==    Columns: id, title, introduce, text, img_id, is_top, created_at, updated_at
<==        Row: 1, ??????1, <<BLOB>>, <<BLOB>>, 3, 1, 2024-01-01 00:00:00, 2024-01-01 00:00:00
<==        Row: 2, ??????2, <<BLOB>>, <<BLOB>>, 3, 0, 2024-01-02 00:00:00, 2024-01-02 00:00:00
<==        Row: 3, ??????3, <<BLOB>>, <<BLOB>>, 3, 0, 2024-01-03 00:00:00, 2024-01-03 00:00:00
<==        Row: 4, ??????4, <<BLOB>>, <<BLOB>>, 3, 0, 2024-01-03 07:30:00, 2024-01-03 09:00:00
<==        Row: 5, ??????5, <<BLOB>>, <<BLOB>>, 3, 0, 2024-01-03 07:50:00, 2024-01-03 09:00:00
<==        Row: 6, ??????6, <<BLOB>>, <<BLOB>>, 3, 0, 2024-01-03 07:55:00, 2024-01-03 09:00:00
<==        Row: 7, ??????7, <<BLOB>>, <<BLOB>>, 3, 0, 2024-01-03 08:30:00, 2024-01-03 09:00:00
<==        Row: 8, ??????8, <<BLOB>>, <<BLOB>>, 3, 0, 2024-01-03 09:30:00, 2024-01-03 12:00:00
<==        Row: 9, ??????9, <<BLOB>>, <<BLOB>>, 3, 0, 2024-01-03 10:30:00, 2024-01-03 14:00:00
<==        Row: 10, ??????10, <<BLOB>>, <<BLOB>>, 3, 0, 2024-01-03 11:30:00, 2024-01-03 15:00:00
<==        Row: 11, ??????11, <<BLOB>>, <<BLOB>>, 3, 0, 2024-01-03 12:30:00, 2024-01-03 16:00:00
<==      Total: 11
Closing non transactional SqlSession [org.apache.ibatis.session.defaults.DefaultSqlSession@6c7c101d]
Creating a new SqlSession
SqlSession [org.apache.ibatis.session.defaults.DefaultSqlSession@33c39128] was not registered for synchronization because synchronization is not active
JDBC Connection [HikariProxyConnection@221807074 wrapping com.mysql.cj.jdbc.ConnectionImpl@45968185] will not be managed by Spring
==>  Preparing: SELECT id,url FROM images WHERE id IN ( ? )
==> Parameters: 3(Integer)
<==    Columns: id, url
<==        Row: 3, /images/news.png
<==      Total: 1
Closing non transactional SqlSession [org.apache.ibatis.session.defaults.DefaultSqlSession@33c39128]
Creating a new SqlSession
SqlSession [org.apache.ibatis.session.defaults.DefaultSqlSession@33163443] was not registered for synchronization because synchronization is not active
2025-03-13T06:21:49.009Z  WARN 18199 --- [nio-8080-exec-3] c.b.m.c.t.support.ReflectLambdaMeta      : Unable to make field private final java.lang.Class java.lang.invoke.SerializedLambda.capturingClass accessible: module java.base does not "opens java.lang.invoke" to unnamed module @45c8e616
JDBC Connection [HikariProxyConnection@2001681894 wrapping com.mysql.cj.jdbc.ConnectionImpl@45968185] will not be managed by Spring
==>  Preparing: SELECT news_id,category_id FROM news_category_relations WHERE (news_id = ?)
==> Parameters: 1(Integer)
<==    Columns: news_id, category_id
<==        Row: 1, 1
<==        Row: 1, 2
<==        Row: 1, 3
<==      Total: 3
Closing non transactional SqlSession [org.apache.ibatis.session.defaults.DefaultSqlSession@33163443]
Creating a new SqlSession
SqlSession [org.apache.ibatis.session.defaults.DefaultSqlSession@312ff19c] was not registered for synchronization because synchronization is not active
JDBC Connection [HikariProxyConnection@1065441874 wrapping com.mysql.cj.jdbc.ConnectionImpl@45968185] will not be managed by Spring
==>  Preparing: SELECT id,category_name FROM news_categories WHERE id IN ( ? , ? , ? )
==> Parameters: 1(Integer), 2(Integer), 3(Integer)
<==    Columns: id, category_name
<==        Row: 3, ??????
<==        Row: 1, ??????
<==        Row: 2, ??????
<==      Total: 3
Closing non transactional SqlSession [org.apache.ibatis.session.defaults.DefaultSqlSession@312ff19c]
Creating a new SqlSession
SqlSession [org.apache.ibatis.session.defaults.DefaultSqlSession@735981ac] was not registered for synchronization because synchronization is not active
JDBC Connection [HikariProxyConnection@1178539615 wrapping com.mysql.cj.jdbc.ConnectionImpl@45968185] will not be managed by Spring
==>  Preparing: SELECT news_id,category_id FROM news_category_relations WHERE (news_id = ?)
==> Parameters: 2(Integer)
<==    Columns: news_id, category_id
<==        Row: 2, 2
<==      Total: 1
Closing non transactional SqlSession [org.apache.ibatis.session.defaults.DefaultSqlSession@735981ac]
Creating a new SqlSession
SqlSession [org.apache.ibatis.session.defaults.DefaultSqlSession@7ca48f7b] was not registered for synchronization because synchronization is not active
JDBC Connection [HikariProxyConnection@1129264546 wrapping com.mysql.cj.jdbc.ConnectionImpl@45968185] will not be managed by Spring
==>  Preparing: SELECT id,category_name FROM news_categories WHERE id IN ( ? )
==> Parameters: 2(Integer)
<==    Columns: id, category_name
<==        Row: 2, ??????
<==      Total: 1
Closing non transactional SqlSession [org.apache.ibatis.session.defaults.DefaultSqlSession@7ca48f7b]
Creating a new SqlSession
SqlSession [org.apache.ibatis.session.defaults.DefaultSqlSession@5d8f3597] was not registered for synchronization because synchronization is not active
JDBC Connection [HikariProxyConnection@549512994 wrapping com.mysql.cj.jdbc.ConnectionImpl@45968185] will not be managed by Spring
==>  Preparing: SELECT news_id,category_id FROM news_category_relations WHERE (news_id = ?)
==> Parameters: 3(Integer)
<==    Columns: news_id, category_id
<==        Row: 3, 2
<==      Total: 1
Closing non transactional SqlSession [org.apache.ibatis.session.defaults.DefaultSqlSession@5d8f3597]
Creating a new SqlSession
SqlSession [org.apache.ibatis.session.defaults.DefaultSqlSession@44bf9354] was not registered for synchronization because synchronization is not active
JDBC Connection [HikariProxyConnection@2027570174 wrapping com.mysql.cj.jdbc.ConnectionImpl@45968185] will not be managed by Spring
==>  Preparing: SELECT id,category_name FROM news_categories WHERE id IN ( ? )
==> Parameters: 2(Integer)
<==    Columns: id, category_name
<==        Row: 2, ??????
<==      Total: 1
Closing non transactional SqlSession [org.apache.ibatis.session.defaults.DefaultSqlSession@44bf9354]
Creating a new SqlSession
SqlSession [org.apache.ibatis.session.defaults.DefaultSqlSession@6114aabd] was not registered for synchronization because synchronization is not active
JDBC Connection [HikariProxyConnection@1493803256 wrapping com.mysql.cj.jdbc.ConnectionImpl@45968185] will not be managed by Spring
==>  Preparing: SELECT news_id,category_id FROM news_category_relations WHERE (news_id = ?)
==> Parameters: 4(Integer)
<==    Columns: news_id, category_id
<==        Row: 4, 4
<==      Total: 1
Closing non transactional SqlSession [org.apache.ibatis.session.defaults.DefaultSqlSession@6114aabd]
Creating a new SqlSession
SqlSession [org.apache.ibatis.session.defaults.DefaultSqlSession@e0e940a] was not registered for synchronization because synchronization is not active
JDBC Connection [HikariProxyConnection@1242269236 wrapping com.mysql.cj.jdbc.ConnectionImpl@45968185] will not be managed by Spring
==>  Preparing: SELECT id,category_name FROM news_categories WHERE id IN ( ? )
==> Parameters: 4(Integer)
<==    Columns: id, category_name
<==        Row: 4, ??????
<==      Total: 1
Closing non transactional SqlSession [org.apache.ibatis.session.defaults.DefaultSqlSession@e0e940a]
Creating a new SqlSession
SqlSession [org.apache.ibatis.session.defaults.DefaultSqlSession@1bde9dc6] was not registered for synchronization because synchronization is not active
JDBC Connection [HikariProxyConnection@1636496499 wrapping com.mysql.cj.jdbc.ConnectionImpl@45968185] will not be managed by Spring
==>  Preparing: SELECT news_id,category_id FROM news_category_relations WHERE (news_id = ?)
==> Parameters: 5(Integer)
<==    Columns: news_id, category_id
<==        Row: 5, 4
<==      Total: 1
Closing non transactional SqlSession [org.apache.ibatis.session.defaults.DefaultSqlSession@1bde9dc6]
Creating a new SqlSession
SqlSession [org.apache.ibatis.session.defaults.DefaultSqlSession@26e97dc0] was not registered for synchronization because synchronization is not active
JDBC Connection [HikariProxyConnection@1228338294 wrapping com.mysql.cj.jdbc.ConnectionImpl@45968185] will not be managed by Spring
==>  Preparing: SELECT id,category_name FROM news_categories WHERE id IN ( ? )
==> Parameters: 4(Integer)
<==    Columns: id, category_name
<==        Row: 4, ??????
<==      Total: 1
Closing non transactional SqlSession [org.apache.ibatis.session.defaults.DefaultSqlSession@26e97dc0]
Creating a new SqlSession
SqlSession [org.apache.ibatis.session.defaults.DefaultSqlSession@3f6d579e] was not registered for synchronization because synchronization is not active
JDBC Connection [HikariProxyConnection@1384594126 wrapping com.mysql.cj.jdbc.ConnectionImpl@45968185] will not be managed by Spring
==>  Preparing: SELECT news_id,category_id FROM news_category_relations WHERE (news_id = ?)
==> Parameters: 6(Integer)
<==    Columns: news_id, category_id
<==        Row: 6, 4
<==      Total: 1
Closing non transactional SqlSession [org.apache.ibatis.session.defaults.DefaultSqlSession@3f6d579e]
Creating a new SqlSession
SqlSession [org.apache.ibatis.session.defaults.DefaultSqlSession@1e355fbe] was not registered for synchronization because synchronization is not active
JDBC Connection [HikariProxyConnection@1261513281 wrapping com.mysql.cj.jdbc.ConnectionImpl@45968185] will not be managed by Spring
==>  Preparing: SELECT id,category_name FROM news_categories WHERE id IN ( ? )
==> Parameters: 4(Integer)
<==    Columns: id, category_name
<==        Row: 4, ??????
<==      Total: 1
Closing non transactional SqlSession [org.apache.ibatis.session.defaults.DefaultSqlSession@1e355fbe]
Creating a new SqlSession
SqlSession [org.apache.ibatis.session.defaults.DefaultSqlSession@1d7c6c72] was not registered for synchronization because synchronization is not active
JDBC Connection [HikariProxyConnection@867426509 wrapping com.mysql.cj.jdbc.ConnectionImpl@45968185] will not be managed by Spring
==>  Preparing: SELECT news_id,category_id FROM news_category_relations WHERE (news_id = ?)
==> Parameters: 7(Integer)
<==    Columns: news_id, category_id
<==        Row: 7, 2
<==      Total: 1
Closing non transactional SqlSession [org.apache.ibatis.session.defaults.DefaultSqlSession@1d7c6c72]
Creating a new SqlSession
SqlSession [org.apache.ibatis.session.defaults.DefaultSqlSession@1b9490c7] was not registered for synchronization because synchronization is not active
JDBC Connection [HikariProxyConnection@202540881 wrapping com.mysql.cj.jdbc.ConnectionImpl@45968185] will not be managed by Spring
==>  Preparing: SELECT id,category_name FROM news_categories WHERE id IN ( ? )
==> Parameters: 2(Integer)
<==    Columns: id, category_name
<==        Row: 2, ??????
<==      Total: 1
Closing non transactional SqlSession [org.apache.ibatis.session.defaults.DefaultSqlSession@1b9490c7]
Creating a new SqlSession
SqlSession [org.apache.ibatis.session.defaults.DefaultSqlSession@5c2a050b] was not registered for synchronization because synchronization is not active
JDBC Connection [HikariProxyConnection@1661445345 wrapping com.mysql.cj.jdbc.ConnectionImpl@45968185] will not be managed by Spring
==>  Preparing: SELECT news_id,category_id FROM news_category_relations WHERE (news_id = ?)
==> Parameters: 8(Integer)
<==    Columns: news_id, category_id
<==        Row: 8, 2
<==      Total: 1
Closing non transactional SqlSession [org.apache.ibatis.session.defaults.DefaultSqlSession@5c2a050b]
Creating a new SqlSession
SqlSession [org.apache.ibatis.session.defaults.DefaultSqlSession@61a9360d] was not registered for synchronization because synchronization is not active
JDBC Connection [HikariProxyConnection@640091264 wrapping com.mysql.cj.jdbc.ConnectionImpl@45968185] will not be managed by Spring
==>  Preparing: SELECT id,category_name FROM news_categories WHERE id IN ( ? )
==> Parameters: 2(Integer)
<==    Columns: id, category_name
<==        Row: 2, ??????
<==      Total: 1
Closing non transactional SqlSession [org.apache.ibatis.session.defaults.DefaultSqlSession@61a9360d]
Creating a new SqlSession
SqlSession [org.apache.ibatis.session.defaults.DefaultSqlSession@581eed0c] was not registered for synchronization because synchronization is not active
JDBC Connection [HikariProxyConnection@1890562396 wrapping com.mysql.cj.jdbc.ConnectionImpl@45968185] will not be managed by Spring
==>  Preparing: SELECT news_id,category_id FROM news_category_relations WHERE (news_id = ?)
==> Parameters: 9(Integer)
<==    Columns: news_id, category_id
<==        Row: 9, 1
<==        Row: 9, 2
<==      Total: 2
Closing non transactional SqlSession [org.apache.ibatis.session.defaults.DefaultSqlSession@581eed0c]
Creating a new SqlSession
SqlSession [org.apache.ibatis.session.defaults.DefaultSqlSession@173d2dd] was not registered for synchronization because synchronization is not active
JDBC Connection [HikariProxyConnection@774515058 wrapping com.mysql.cj.jdbc.ConnectionImpl@45968185] will not be managed by Spring
==>  Preparing: SELECT id,category_name FROM news_categories WHERE id IN ( ? , ? )
==> Parameters: 1(Integer), 2(Integer)
<==    Columns: id, category_name
<==        Row: 1, ??????
<==        Row: 2, ??????
<==      Total: 2
Closing non transactional SqlSession [org.apache.ibatis.session.defaults.DefaultSqlSession@173d2dd]
Creating a new SqlSession
SqlSession [org.apache.ibatis.session.defaults.DefaultSqlSession@588df8c7] was not registered for synchronization because synchronization is not active
JDBC Connection [HikariProxyConnection@1207385137 wrapping com.mysql.cj.jdbc.ConnectionImpl@45968185] will not be managed by Spring
==>  Preparing: SELECT news_id,category_id FROM news_category_relations WHERE (news_id = ?)
==> Parameters: 10(Integer)
<==    Columns: news_id, category_id
<==        Row: 10, 1
<==        Row: 10, 2
<==      Total: 2
Closing non transactional SqlSession [org.apache.ibatis.session.defaults.DefaultSqlSession@588df8c7]
Creating a new SqlSession
SqlSession [org.apache.ibatis.session.defaults.DefaultSqlSession@91fa42b] was not registered for synchronization because synchronization is not active
JDBC Connection [HikariProxyConnection@1055075855 wrapping com.mysql.cj.jdbc.ConnectionImpl@45968185] will not be managed by Spring
==>  Preparing: SELECT id,category_name FROM news_categories WHERE id IN ( ? , ? )
==> Parameters: 1(Integer), 2(Integer)
<==    Columns: id, category_name
<==        Row: 1, ??????
<==        Row: 2, ??????
<==      Total: 2
Closing non transactional SqlSession [org.apache.ibatis.session.defaults.DefaultSqlSession@91fa42b]
Creating a new SqlSession
SqlSession [org.apache.ibatis.session.defaults.DefaultSqlSession@37f5d69f] was not registered for synchronization because synchronization is not active
JDBC Connection [HikariProxyConnection@1128207030 wrapping com.mysql.cj.jdbc.ConnectionImpl@45968185] will not be managed by Spring
==>  Preparing: SELECT news_id,category_id FROM news_category_relations WHERE (news_id = ?)
==> Parameters: 11(Integer)
<==    Columns: news_id, category_id
<==        Row: 11, 1
<==        Row: 11, 2
<==      Total: 2
Closing non transactional SqlSession [org.apache.ibatis.session.defaults.DefaultSqlSession@37f5d69f]
Creating a new SqlSession
SqlSession [org.apache.ibatis.session.defaults.DefaultSqlSession@1a05b8aa] was not registered for synchronization because synchronization is not active
JDBC Connection [HikariProxyConnection@1866940952 wrapping com.mysql.cj.jdbc.ConnectionImpl@45968185] will not be managed by Spring
==>  Preparing: SELECT id,category_name FROM news_categories WHERE id IN ( ? , ? )
==> Parameters: 1(Integer), 2(Integer)
<==    Columns: id, category_name
<==        Row: 1, ??????
<==        Row: 2, ??????
<==      Total: 2
Closing non transactional SqlSession [org.apache.ibatis.session.defaults.DefaultSqlSession@1a05b8aa]
Creating a new SqlSession
SqlSession [org.apache.ibatis.session.defaults.DefaultSqlSession@20d6d764] was not registered for synchronization because synchronization is not active
JDBC Connection [HikariProxyConnection@772877582 wrapping com.mysql.cj.jdbc.ConnectionImpl@45968185] will not be managed by Spring
==>  Preparing: SELECT id,title,introduce,text,img_id,is_top,created_at,updated_at FROM news
==> Parameters: 
<==    Columns: id, title, introduce, text, img_id, is_top, created_at, updated_at
<==        Row: 1, ??????1, <<BLOB>>, <<BLOB>>, 3, 1, 2024-01-01 00:00:00, 2024-01-01 00:00:00
<==        Row: 2, ??????2, <<BLOB>>, <<BLOB>>, 3, 0, 2024-01-02 00:00:00, 2024-01-02 00:00:00
<==        Row: 3, ??????3, <<BLOB>>, <<BLOB>>, 3, 0, 2024-01-03 00:00:00, 2024-01-03 00:00:00
<==        Row: 4, ??????4, <<BLOB>>, <<BLOB>>, 3, 0, 2024-01-03 07:30:00, 2024-01-03 09:00:00
<==        Row: 5, ??????5, <<BLOB>>, <<BLOB>>, 3, 0, 2024-01-03 07:50:00, 2024-01-03 09:00:00
<==        Row: 6, ??????6, <<BLOB>>, <<BLOB>>, 3, 0, 2024-01-03 07:55:00, 2024-01-03 09:00:00
<==        Row: 7, ??????7, <<BLOB>>, <<BLOB>>, 3, 0, 2024-01-03 08:30:00, 2024-01-03 09:00:00
<==        Row: 8, ??????8, <<BLOB>>, <<BLOB>>, 3, 0, 2024-01-03 09:30:00, 2024-01-03 12:00:00
<==        Row: 9, ??????9, <<BLOB>>, <<BLOB>>, 3, 0, 2024-01-03 10:30:00, 2024-01-03 14:00:00
<==        Row: 10, ??????10, <<BLOB>>, <<BLOB>>, 3, 0, 2024-01-03 11:30:00, 2024-01-03 15:00:00
<==        Row: 11, ??????11, <<BLOB>>, <<BLOB>>, 3, 0, 2024-01-03 12:30:00, 2024-01-03 16:00:00
<==      Total: 11
Closing non transactional SqlSession [org.apache.ibatis.session.defaults.DefaultSqlSession@20d6d764]
Creating a new SqlSession
SqlSession [org.apache.ibatis.session.defaults.DefaultSqlSession@7a1189bd] was not registered for synchronization because synchronization is not active
JDBC Connection [HikariProxyConnection@1053090550 wrapping com.mysql.cj.jdbc.ConnectionImpl@45968185] will not be managed by Spring
==>  Preparing: SELECT id,url FROM images WHERE id IN ( ? )
==> Parameters: 3(Integer)
<==    Columns: id, url
<==        Row: 3, /images/news.png
<==      Total: 1
Closing non transactional SqlSession [org.apache.ibatis.session.defaults.DefaultSqlSession@7a1189bd]
Creating a new SqlSession
SqlSession [org.apache.ibatis.session.defaults.DefaultSqlSession@1215c2ea] was not registered for synchronization because synchronization is not active
JDBC Connection [HikariProxyConnection@1690303860 wrapping com.mysql.cj.jdbc.ConnectionImpl@45968185] will not be managed by Spring
==>  Preparing: SELECT news_id,category_id FROM news_category_relations WHERE (news_id = ?)
==> Parameters: 1(Integer)
<==    Columns: news_id, category_id
<==        Row: 1, 1
<==        Row: 1, 2
<==        Row: 1, 3
<==      Total: 3
Closing non transactional SqlSession [org.apache.ibatis.session.defaults.DefaultSqlSession@1215c2ea]
Creating a new SqlSession
SqlSession [org.apache.ibatis.session.defaults.DefaultSqlSession@19f1862f] was not registered for synchronization because synchronization is not active
JDBC Connection [HikariProxyConnection@625939817 wrapping com.mysql.cj.jdbc.ConnectionImpl@45968185] will not be managed by Spring
==>  Preparing: SELECT id,category_name FROM news_categories WHERE id IN ( ? , ? , ? )
==> Parameters: 1(Integer), 2(Integer), 3(Integer)
<==    Columns: id, category_name
<==        Row: 3, ??????
<==        Row: 1, ??????
<==        Row: 2, ??????
<==      Total: 3
Closing non transactional SqlSession [org.apache.ibatis.session.defaults.DefaultSqlSession@19f1862f]
Creating a new SqlSession
SqlSession [org.apache.ibatis.session.defaults.DefaultSqlSession@68213036] was not registered for synchronization because synchronization is not active
JDBC Connection [HikariProxyConnection@1422984361 wrapping com.mysql.cj.jdbc.ConnectionImpl@45968185] will not be managed by Spring
==>  Preparing: SELECT news_id,category_id FROM news_category_relations WHERE (news_id = ?)
==> Parameters: 2(Integer)
<==    Columns: news_id, category_id
<==        Row: 2, 2
<==      Total: 1
Closing non transactional SqlSession [org.apache.ibatis.session.defaults.DefaultSqlSession@68213036]
Creating a new SqlSession
SqlSession [org.apache.ibatis.session.defaults.DefaultSqlSession@3e758f91] was not registered for synchronization because synchronization is not active
JDBC Connection [HikariProxyConnection@312390337 wrapping com.mysql.cj.jdbc.ConnectionImpl@45968185] will not be managed by Spring
==>  Preparing: SELECT id,category_name FROM news_categories WHERE id IN ( ? )
==> Parameters: 2(Integer)
<==    Columns: id, category_name
<==        Row: 2, ??????
<==      Total: 1
Closing non transactional SqlSession [org.apache.ibatis.session.defaults.DefaultSqlSession@3e758f91]
Creating a new SqlSession
SqlSession [org.apache.ibatis.session.defaults.DefaultSqlSession@19e526c5] was not registered for synchronization because synchronization is not active
JDBC Connection [HikariProxyConnection@192822127 wrapping com.mysql.cj.jdbc.ConnectionImpl@45968185] will not be managed by Spring
==>  Preparing: SELECT news_id,category_id FROM news_category_relations WHERE (news_id = ?)
==> Parameters: 3(Integer)
<==    Columns: news_id, category_id
<==        Row: 3, 2
<==      Total: 1
Closing non transactional SqlSession [org.apache.ibatis.session.defaults.DefaultSqlSession@19e526c5]
Creating a new SqlSession
SqlSession [org.apache.ibatis.session.defaults.DefaultSqlSession@129a502e] was not registered for synchronization because synchronization is not active
JDBC Connection [HikariProxyConnection@586784694 wrapping com.mysql.cj.jdbc.ConnectionImpl@45968185] will not be managed by Spring
==>  Preparing: SELECT id,category_name FROM news_categories WHERE id IN ( ? )
==> Parameters: 2(Integer)
<==    Columns: id, category_name
<==        Row: 2, ??????
<==      Total: 1
Closing non transactional SqlSession [org.apache.ibatis.session.defaults.DefaultSqlSession@129a502e]
Creating a new SqlSession
SqlSession [org.apache.ibatis.session.defaults.DefaultSqlSession@381464fa] was not registered for synchronization because synchronization is not active
JDBC Connection [HikariProxyConnection@2018466038 wrapping com.mysql.cj.jdbc.ConnectionImpl@45968185] will not be managed by Spring
==>  Preparing: SELECT news_id,category_id FROM news_category_relations WHERE (news_id = ?)
==> Parameters: 4(Integer)
<==    Columns: news_id, category_id
<==        Row: 4, 4
<==      Total: 1
Closing non transactional SqlSession [org.apache.ibatis.session.defaults.DefaultSqlSession@381464fa]
Creating a new SqlSession
SqlSession [org.apache.ibatis.session.defaults.DefaultSqlSession@7d067322] was not registered for synchronization because synchronization is not active
JDBC Connection [HikariProxyConnection@1722743756 wrapping com.mysql.cj.jdbc.ConnectionImpl@45968185] will not be managed by Spring
==>  Preparing: SELECT id,category_name FROM news_categories WHERE id IN ( ? )
==> Parameters: 4(Integer)
<==    Columns: id, category_name
<==        Row: 4, ??????
<==      Total: 1
Closing non transactional SqlSession [org.apache.ibatis.session.defaults.DefaultSqlSession@7d067322]
Creating a new SqlSession
SqlSession [org.apache.ibatis.session.defaults.DefaultSqlSession@6ef8f65] was not registered for synchronization because synchronization is not active
JDBC Connection [HikariProxyConnection@407282491 wrapping com.mysql.cj.jdbc.ConnectionImpl@45968185] will not be managed by Spring
==>  Preparing: SELECT news_id,category_id FROM news_category_relations WHERE (news_id = ?)
==> Parameters: 5(Integer)
<==    Columns: news_id, category_id
<==        Row: 5, 4
<==      Total: 1
Closing non transactional SqlSession [org.apache.ibatis.session.defaults.DefaultSqlSession@6ef8f65]
Creating a new SqlSession
SqlSession [org.apache.ibatis.session.defaults.DefaultSqlSession@425f5f1e] was not registered for synchronization because synchronization is not active
JDBC Connection [HikariProxyConnection@1728506663 wrapping com.mysql.cj.jdbc.ConnectionImpl@45968185] will not be managed by Spring
==>  Preparing: SELECT id,category_name FROM news_categories WHERE id IN ( ? )
==> Parameters: 4(Integer)
<==    Columns: id, category_name
<==        Row: 4, ??????
<==      Total: 1
Closing non transactional SqlSession [org.apache.ibatis.session.defaults.DefaultSqlSession@425f5f1e]
Creating a new SqlSession
SqlSession [org.apache.ibatis.session.defaults.DefaultSqlSession@6f5afd44] was not registered for synchronization because synchronization is not active
JDBC Connection [HikariProxyConnection@1464203294 wrapping com.mysql.cj.jdbc.ConnectionImpl@45968185] will not be managed by Spring
==>  Preparing: SELECT news_id,category_id FROM news_category_relations WHERE (news_id = ?)
==> Parameters: 6(Integer)
<==    Columns: news_id, category_id
<==        Row: 6, 4
<==      Total: 1
Closing non transactional SqlSession [org.apache.ibatis.session.defaults.DefaultSqlSession@6f5afd44]
Creating a new SqlSession
SqlSession [org.apache.ibatis.session.defaults.DefaultSqlSession@6bce6d97] was not registered for synchronization because synchronization is not active
JDBC Connection [HikariProxyConnection@1405492599 wrapping com.mysql.cj.jdbc.ConnectionImpl@45968185] will not be managed by Spring
==>  Preparing: SELECT id,category_name FROM news_categories WHERE id IN ( ? )
==> Parameters: 4(Integer)
<==    Columns: id, category_name
<==        Row: 4, ??????
<==      Total: 1
Closing non transactional SqlSession [org.apache.ibatis.session.defaults.DefaultSqlSession@6bce6d97]
Creating a new SqlSession
SqlSession [org.apache.ibatis.session.defaults.DefaultSqlSession@7f55cb12] was not registered for synchronization because synchronization is not active
JDBC Connection [HikariProxyConnection@1735373754 wrapping com.mysql.cj.jdbc.ConnectionImpl@45968185] will not be managed by Spring
==>  Preparing: SELECT news_id,category_id FROM news_category_relations WHERE (news_id = ?)
==> Parameters: 7(Integer)
<==    Columns: news_id, category_id
<==        Row: 7, 2
<==      Total: 1
Closing non transactional SqlSession [org.apache.ibatis.session.defaults.DefaultSqlSession@7f55cb12]
Creating a new SqlSession
SqlSession [org.apache.ibatis.session.defaults.DefaultSqlSession@733d0e4a] was not registered for synchronization because synchronization is not active
JDBC Connection [HikariProxyConnection@585188964 wrapping com.mysql.cj.jdbc.ConnectionImpl@45968185] will not be managed by Spring
==>  Preparing: SELECT id,category_name FROM news_categories WHERE id IN ( ? )
==> Parameters: 2(Integer)
<==    Columns: id, category_name
<==        Row: 2, ??????
<==      Total: 1
Closing non transactional SqlSession [org.apache.ibatis.session.defaults.DefaultSqlSession@733d0e4a]
Creating a new SqlSession
SqlSession [org.apache.ibatis.session.defaults.DefaultSqlSession@3519d67a] was not registered for synchronization because synchronization is not active
JDBC Connection [HikariProxyConnection@776847821 wrapping com.mysql.cj.jdbc.ConnectionImpl@45968185] will not be managed by Spring
==>  Preparing: SELECT news_id,category_id FROM news_category_relations WHERE (news_id = ?)
==> Parameters: 8(Integer)
<==    Columns: news_id, category_id
<==        Row: 8, 2
<==      Total: 1
Closing non transactional SqlSession [org.apache.ibatis.session.defaults.DefaultSqlSession@3519d67a]
Creating a new SqlSession
SqlSession [org.apache.ibatis.session.defaults.DefaultSqlSession@7057bdea] was not registered for synchronization because synchronization is not active
JDBC Connection [HikariProxyConnection@184946588 wrapping com.mysql.cj.jdbc.ConnectionImpl@45968185] will not be managed by Spring
==>  Preparing: SELECT id,category_name FROM news_categories WHERE id IN ( ? )
==> Parameters: 2(Integer)
<==    Columns: id, category_name
<==        Row: 2, ??????
<==      Total: 1
Closing non transactional SqlSession [org.apache.ibatis.session.defaults.DefaultSqlSession@7057bdea]
Creating a new SqlSession
SqlSession [org.apache.ibatis.session.defaults.DefaultSqlSession@768f9abe] was not registered for synchronization because synchronization is not active
JDBC Connection [HikariProxyConnection@997904744 wrapping com.mysql.cj.jdbc.ConnectionImpl@45968185] will not be managed by Spring
==>  Preparing: SELECT news_id,category_id FROM news_category_relations WHERE (news_id = ?)
==> Parameters: 9(Integer)
<==    Columns: news_id, category_id
<==        Row: 9, 1
<==        Row: 9, 2
<==      Total: 2
Closing non transactional SqlSession [org.apache.ibatis.session.defaults.DefaultSqlSession@768f9abe]
Creating a new SqlSession
SqlSession [org.apache.ibatis.session.defaults.DefaultSqlSession@647e46cf] was not registered for synchronization because synchronization is not active
JDBC Connection [HikariProxyConnection@1856924308 wrapping com.mysql.cj.jdbc.ConnectionImpl@45968185] will not be managed by Spring
==>  Preparing: SELECT id,category_name FROM news_categories WHERE id IN ( ? , ? )
==> Parameters: 1(Integer), 2(Integer)
<==    Columns: id, category_name
<==        Row: 1, ??????
<==        Row: 2, ??????
<==      Total: 2
Closing non transactional SqlSession [org.apache.ibatis.session.defaults.DefaultSqlSession@647e46cf]
Creating a new SqlSession
SqlSession [org.apache.ibatis.session.defaults.DefaultSqlSession@59c85459] was not registered for synchronization because synchronization is not active
JDBC Connection [HikariProxyConnection@1335241105 wrapping com.mysql.cj.jdbc.ConnectionImpl@45968185] will not be managed by Spring
==>  Preparing: SELECT news_id,category_id FROM news_category_relations WHERE (news_id = ?)
==> Parameters: 10(Integer)
<==    Columns: news_id, category_id
<==        Row: 10, 1
<==        Row: 10, 2
<==      Total: 2
Closing non transactional SqlSession [org.apache.ibatis.session.defaults.DefaultSqlSession@59c85459]
Creating a new SqlSession
SqlSession [org.apache.ibatis.session.defaults.DefaultSqlSession@41edd20c] was not registered for synchronization because synchronization is not active
JDBC Connection [HikariProxyConnection@1520188660 wrapping com.mysql.cj.jdbc.ConnectionImpl@45968185] will not be managed by Spring
==>  Preparing: SELECT id,category_name FROM news_categories WHERE id IN ( ? , ? )
==> Parameters: 1(Integer), 2(Integer)
<==    Columns: id, category_name
<==        Row: 1, ??????
<==        Row: 2, ??????
<==      Total: 2
Closing non transactional SqlSession [org.apache.ibatis.session.defaults.DefaultSqlSession@41edd20c]
Creating a new SqlSession
SqlSession [org.apache.ibatis.session.defaults.DefaultSqlSession@7e9250c5] was not registered for synchronization because synchronization is not active
JDBC Connection [HikariProxyConnection@1363181737 wrapping com.mysql.cj.jdbc.ConnectionImpl@45968185] will not be managed by Spring
==>  Preparing: SELECT news_id,category_id FROM news_category_relations WHERE (news_id = ?)
==> Parameters: 11(Integer)
<==    Columns: news_id, category_id
<==        Row: 11, 1
<==        Row: 11, 2
<==      Total: 2
Closing non transactional SqlSession [org.apache.ibatis.session.defaults.DefaultSqlSession@7e9250c5]
Creating a new SqlSession
SqlSession [org.apache.ibatis.session.defaults.DefaultSqlSession@cbad8da] was not registered for synchronization because synchronization is not active
JDBC Connection [HikariProxyConnection@1623369200 wrapping com.mysql.cj.jdbc.ConnectionImpl@45968185] will not be managed by Spring
==>  Preparing: SELECT id,category_name FROM news_categories WHERE id IN ( ? , ? )
==> Parameters: 1(Integer), 2(Integer)
<==    Columns: id, category_name
<==        Row: 1, ??????
<==        Row: 2, ??????
<==      Total: 2
Closing non transactional SqlSession [org.apache.ibatis.session.defaults.DefaultSqlSession@cbad8da]
2025-03-13T06:35:10.164Z  INFO 18199 --- [ionShutdownHook] com.zaxxer.hikari.HikariDataSource       : HikariPool-1 - Shutdown initiated...
2025-03-13T06:35:10.171Z  INFO 18199 --- [ionShutdownHook] com.zaxxer.hikari.HikariDataSource       : HikariPool-1 - Shutdown completed.
